============================= test session starts =============================
platform win32 -- Python 3.11.0, pytest-7.4.0, pluggy-1.5.0
rootdir: D:\PROJETOS\SISTEMAS
configfile: pytest.ini
plugins: anyio-4.9.0, asyncio-0.21.1, cov-4.1.0, mock-3.11.1
asyncio: mode=Mode.STRICT
collected 0 items / 1 error

=================================== ERRORS ====================================
________________________ ERROR collecting test session ________________________
C:\Users\SEDUC\Desktop\PROJETOS\omni_gerador_artigos\venv\Lib\site-packages\_pytest\config\__init__.py:642: in _importconftest
    mod = import_path(conftestpath, mode=importmode, root=rootpath)
C:\Users\SEDUC\Desktop\PROJETOS\omni_gerador_artigos\venv\Lib\site-packages\_pytest\pathlib.py:565: in import_path
    importlib.import_module(module_name)
C:\Program Files\Python311\Lib\importlib\__init__.py:126: in import_module
    return _bootstrap._gcd_import(name[level:], package, level)
<frozen importlib._bootstrap>:1206: in _gcd_import
    ???
<frozen importlib._bootstrap>:1178: in _find_and_load
    ???
<frozen importlib._bootstrap>:1149: in _find_and_load_unlocked
    ???
<frozen importlib._bootstrap>:690: in _load_unlocked
    ???
C:\Users\SEDUC\Desktop\PROJETOS\omni_gerador_artigos\venv\Lib\site-packages\_pytest\assertion\rewrite.py:178: in exec_module
    exec(co, module.__dict__)
tests\integration\conftest.py:7: in <module>
    from domain.models import ArticleOutput
E   ModuleNotFoundError: No module named 'domain.models'

---------- coverage: platform win32, python 3.11.0-final-0 -----------
Name                            Stmts   Miss  Cover   Missing
-------------------------------------------------------------
domain\__init__.py                  0      0   100%
tests\conftest.py                   3      0   100%
tests\integration\conftest.py      57     50    12%   8-66
-------------------------------------------------------------
TOTAL                              60     50    17%

=========================== short test summary info ===========================
ERROR .. - ModuleNotFoundError: No module named 'domain.models'
!!!!!!!!!!!!!!!!!!! Interrupted: 1 error during collection !!!!!!!!!!!!!!!!!!!!
============================== 1 error in 4.62s ===============================
