============================= test session starts =============================
platform win32 -- Python 3.11.0, pytest-7.4.0, pluggy-1.5.0 -- C:\Users\SEDUC\Desktop\PROJETOS\omni_gerador_artigos\venv\Scripts\python.exe
cachedir: .pytest_cache
rootdir: D:\PROJETOS\SISTEMAS
configfile: pytest.ini
plugins: anyio-4.9.0, asyncio-0.21.1, cov-4.1.0, mock-3.11.1
asyncio: mode=Mode.STRICT
collecting ... [status_repository] Banco de status NÃO inicializado (ENABLE_STATUS_DB != 1).
collected 345 items / 1 error / 337 deselected / 8 selected

=================================== ERRORS ====================================
__________ ERROR collecting omni_writer/tests/unit/test_pipeline.py ___________
ImportError while importing test module 'D:\PROJETOS\SISTEMAS\omni_writer\tests\unit\test_pipeline.py'.
Hint: make sure your test modules/packages have valid Python names.
Traceback:
C:\Program Files\Python311\Lib\importlib\__init__.py:126: in import_module
    return _bootstrap._gcd_import(name[level:], package, level)
tests\unit\test_pipeline.py:5: in <module>
    from domain.models import GenerationConfig, PromptInput
E   ModuleNotFoundError: No module named 'domain.models'
=========================== short test summary info ===========================
ERROR tests\unit\test_pipeline.py
!!!!!!!!!!!!!!!!!!! Interrupted: 1 error during collection !!!!!!!!!!!!!!!!!!!!
=============== 337 deselected, 13 warnings, 1 error in 12.00s ================
