============================= test session starts =============================
platform win32 -- Python 3.11.0, pytest-7.4.0, pluggy-1.5.0 -- C:\Users\SEDUC\Desktop\PROJETOS\omni_gerador_artigos\venv\Scripts\python.exe
cachedir: .pytest_cache
rootdir: D:\PROJETOS\SISTEMAS
configfile: pytest.ini
plugins: anyio-4.9.0, asyncio-0.21.1, cov-4.1.0, mock-3.11.1
asyncio: mode=Mode.STRICT
collecting ... [status_repository] Banco de status NÃO inicializado (ENABLE_STATUS_DB != 1).
collected 0 items / 3 errors

=================================== ERRORS ====================================
__ ERROR collecting omni_writer/tests/integration/test_api_blogs_prompts.py ___
ImportError while importing test module 'D:\PROJETOS\SISTEMAS\omni_writer\tests\integration\test_api_blogs_prompts.py'.
Hint: make sure your test modules/packages have valid Python names.
Traceback:
C:\Program Files\Python311\Lib\importlib\__init__.py:126: in import_module
    return _bootstrap._gcd_import(name[level:], package, level)
tests\integration\test_api_blogs_prompts.py:2: in <module>
    from app.app_factory import create_app
app\__init__.py:5: in <module>
    from .app_factory import create_app
app\app_factory.py:10: in <module>
    from app.routes import routes_bp
app\routes.py:11: in <module>
    from app.pipeline import run_generation_pipeline, run_generation_multi_pipeline
app\pipeline.py:6: in <module>
    from app.controller import generate_article
app\controller.py:1: in <module>
    from domain.models import GenerationConfig, PromptInput, ArticleOutput
E   ModuleNotFoundError: No module named 'domain.models'
____ ERROR collecting omni_writer/tests/integration/test_api_contracts.py _____
ImportError while importing test module 'D:\PROJETOS\SISTEMAS\omni_writer\tests\integration\test_api_contracts.py'.
Hint: make sure your test modules/packages have valid Python names.
Traceback:
C:\Program Files\Python311\Lib\importlib\__init__.py:126: in import_module
    return _bootstrap._gcd_import(name[level:], package, level)
tests\integration\test_api_contracts.py:3: in <module>
    from app.app_factory import create_app
app\__init__.py:5: in <module>
    from .app_factory import create_app
app\app_factory.py:10: in <module>
    from app.routes import routes_bp
app\routes.py:11: in <module>
    from app.pipeline import run_generation_pipeline, run_generation_multi_pipeline
app\pipeline.py:6: in <module>
    from app.controller import generate_article
app\controller.py:1: in <module>
    from domain.models import GenerationConfig, PromptInput, ArticleOutput
E   ModuleNotFoundError: No module named 'domain.models'
_ ERROR collecting omni_writer/tests/integration/test_api_template_generate.py _
ImportError while importing test module 'D:\PROJETOS\SISTEMAS\omni_writer\tests\integration\test_api_template_generate.py'.
Hint: make sure your test modules/packages have valid Python names.
Traceback:
C:\Program Files\Python311\Lib\importlib\__init__.py:126: in import_module
    return _bootstrap._gcd_import(name[level:], package, level)
tests\integration\test_api_template_generate.py:2: in <module>
    from app.app_factory import create_app
app\__init__.py:5: in <module>
    from .app_factory import create_app
app\app_factory.py:10: in <module>
    from app.routes import routes_bp
app\routes.py:11: in <module>
    from app.pipeline import run_generation_pipeline, run_generation_multi_pipeline
app\pipeline.py:6: in <module>
    from app.controller import generate_article
app\controller.py:1: in <module>
    from domain.models import GenerationConfig, PromptInput, ArticleOutput
E   ModuleNotFoundError: No module named 'domain.models'
=========================== short test summary info ===========================
ERROR tests\integration\test_api_blogs_prompts.py
ERROR tests\integration\test_api_contracts.py
ERROR tests\integration\test_api_template_generate.py
!!!!!!!!!!!!!!!!!!!!!!!!!! stopping after 3 failures !!!!!!!!!!!!!!!!!!!!!!!!!!
======================== 3 warnings, 3 errors in 4.51s ========================
